[debug] [2021-06-19T06:04:35.936Z] ----------------------------------------------------------------------
[debug] [2021-06-19T06:04:35.938Z] Command:       /Users/thasarito/.nvm/versions/node/v15.6.0/bin/node /Users/thasarito/.nvm/versions/node/v15.6.0/bin/firebase deploy
[debug] [2021-06-19T06:04:35.938Z] CLI Version:   9.12.1
[debug] [2021-06-19T06:04:35.938Z] Platform:      darwin
[debug] [2021-06-19T06:04:35.938Z] Node Version:  v15.6.0
[debug] [2021-06-19T06:04:35.939Z] Time:          Sat Jun 19 2021 13:04:35 GMT+0700 (Indochina Time)
[debug] [2021-06-19T06:04:35.939Z] ----------------------------------------------------------------------
[debug] 
[debug] [2021-06-19T06:04:35.945Z] > command requires scopes: ["email","openid","https://www.googleapis.com/auth/cloudplatformprojects.readonly","https://www.googleapis.com/auth/firebase","https://www.googleapis.com/auth/cloud-platform"]
[debug] [2021-06-19T06:04:35.945Z] > authorizing via signed-in user (thasarit.pysr@gmail.com)
[debug] [2021-06-19T06:04:35.945Z] [iam] checking project ppr-guessnumber for permissions ["firebase.projects.get","firebasehosting.sites.update"]
[debug] [2021-06-19T06:04:35.947Z] > refreshing access token with scopes: ["email","https://www.googleapis.com/auth/cloud-platform","https://www.googleapis.com/auth/cloudplatformprojects.readonly","https://www.googleapis.com/auth/firebase","openid"]
[debug] [2021-06-19T06:04:35.947Z] >>> HTTP REQUEST POST https://www.googleapis.com/oauth2/v3/token  
 <request body omitted>
[debug] [2021-06-19T06:04:36.182Z] <<< HTTP RESPONSE 200 {"cache-control":"no-cache, no-store, max-age=0, must-revalidate","pragma":"no-cache","expires":"Mon, 01 Jan 1990 00:00:00 GMT","date":"Sat, 19 Jun 2021 06:04:36 GMT","content-type":"application/json; charset=utf-8","vary":"X-Origin, Referer, Origin,Accept-Encoding","server":"scaffolding on HTTPServer2","x-xss-protection":"0","x-frame-options":"SAMEORIGIN","x-content-type-options":"nosniff","alt-svc":"h3=\":443\"; ma=2592000,h3-29=\":443\"; ma=2592000,h3-T051=\":443\"; ma=2592000,h3-Q050=\":443\"; ma=2592000,h3-Q046=\":443\"; ma=2592000,h3-Q043=\":443\"; ma=2592000,quic=\":443\"; ma=2592000; v=\"46,43\"","accept-ranges":"none","transfer-encoding":"chunked"}
[debug] [2021-06-19T06:04:36.240Z] >>> HTTP REQUEST POST https://cloudresourcemanager.googleapis.com/v1/projects/ppr-guessnumber:testIamPermissions  
 {"permissions":["firebase.projects.get","firebasehosting.sites.update"]}
[debug] [2021-06-19T06:04:38.266Z] <<< HTTP RESPONSE 200 {"content-type":"application/json; charset=UTF-8","vary":"X-Origin, Referer, Origin,Accept-Encoding","date":"Sat, 19 Jun 2021 06:04:38 GMT","server":"ESF","cache-control":"private","x-xss-protection":"0","x-frame-options":"SAMEORIGIN","x-content-type-options":"nosniff","server-timing":"gfet4t7; dur=1346","alt-svc":"h3=\":443\"; ma=2592000,h3-29=\":443\"; ma=2592000,h3-T051=\":443\"; ma=2592000,h3-Q050=\":443\"; ma=2592000,h3-Q046=\":443\"; ma=2592000,h3-Q043=\":443\"; ma=2592000,quic=\":443\"; ma=2592000; v=\"46,43\"","accept-ranges":"none","transfer-encoding":"chunked"}
[debug] [2021-06-19T06:04:38.269Z] > refreshing access token with scopes: []
[debug] [2021-06-19T06:04:38.270Z] >>> HTTP REQUEST POST https://www.googleapis.com/oauth2/v3/token  
 <request body omitted>
[debug] [2021-06-19T06:04:38.485Z] <<< HTTP RESPONSE 200 {"pragma":"no-cache","expires":"Mon, 01 Jan 1990 00:00:00 GMT","date":"Sat, 19 Jun 2021 06:04:38 GMT","cache-control":"no-cache, no-store, max-age=0, must-revalidate","content-type":"application/json; charset=utf-8","vary":"X-Origin, Referer, Origin,Accept-Encoding","server":"scaffolding on HTTPServer2","x-xss-protection":"0","x-frame-options":"SAMEORIGIN","x-content-type-options":"nosniff","alt-svc":"h3=\":443\"; ma=2592000,h3-29=\":443\"; ma=2592000,h3-T051=\":443\"; ma=2592000,h3-Q050=\":443\"; ma=2592000,h3-Q046=\":443\"; ma=2592000,h3-Q043=\":443\"; ma=2592000,quic=\":443\"; ma=2592000; v=\"46,43\"","accept-ranges":"none","transfer-encoding":"chunked"}
[debug] [2021-06-19T06:04:38.536Z] >>> [apiv2][query] GET https://firebase.googleapis.com/v1beta1/projects/ppr-guessnumber [none]
